<?xml version="1.0" encoding="UTF-8"?>
<!-- Generated by org.testng.reporters.JUnitReportReporter -->
<testsuite hostname="Sarfaraz" failures="0" tests="1" name="SeleniumPractice.tests.ErrorValidations" time="4.747" errors="0" timestamp="2024-08-08T14:16:26 IST" skipped="0">
  <testcase classname="SeleniumPractice.tests.ErrorValidations" name="ErrorValidations" time="4.747"/>
</testsuite> <!-- SeleniumPractice.tests.ErrorValidations -->
